<?xml version="1.0" encoding="UTF-8"?>
<!-- Generated by org.testng.reporters.JUnitXMLReporter -->
<testsuite ignored="0" hostname="DESKTOP-I3PT2JI" failures="0" tests="3" name="Default test" time="6.347" errors="0" timestamp="19 Sep 2022 14:34:58 GMT">
  <testcase classname="com.qa.api.gorest.tests.GetUserTest" name="getAllUsersListApiTest" time="4.172"/>
  <testcase classname="com.qa.api.gorest.tests.GetUserTest" name="getGorestPostsTest" time="0.722"/>
  <testcase classname="com.qa.api.gorest.tests.GetUserTest" name="getUserWithQueryParamApiTest" time="1.219"/>
</testsuite> <!-- Default test -->
