<?xml version="1.0" encoding="UTF-8"?>
<!-- Generated by org.testng.reporters.JUnitXMLReporter -->
<testsuite ignored="0" hostname="DESKTOP-I3PT2JI" failures="0" tests="10" name="Rest API Regression Test" time="17.422" errors="0" timestamp="20 Sep 2022 13:41:48 GMT">
  <testcase classname="com.qa.api.gorest.tests.GetImgurApiTest" name="@BeforeMethod setUp" time="7.053">
    <failure type="java.lang.NullPointerException">
      <![CDATA[java.lang.NullPointerException
at com.qa.api.gorest.tests.GetImgurApiTest.setUp(GetImgurApiTest.java:24)
at java.base/java.util.concurrent.ThreadPoolExecutor.runWorker(ThreadPoolExecutor.java:1128)
at java.base/java.util.concurrent.ThreadPoolExecutor$Worker.run(ThreadPoolExecutor.java:628)
at java.base/java.lang.Thread.run(Thread.java:834)
... Removed 13 stack frames]]>
    </failure>
  </testcase> <!-- @BeforeMethod setUp -->
  <testcase classname="com.qa.api.gorest.tests.GetImgurApiTest" name="@BeforeMethod setUp" time="0.0">
    <skipped/>
  </testcase> <!-- @BeforeMethod setUp -->
  <testcase classname="com.qa.api.gorest.tests.GetImgurApiTest" name="@BeforeMethod setUp" time="0.0">
    <skipped/>
  </testcase> <!-- @BeforeMethod setUp -->
  <testcase classname="com.qa.api.gorest.tests.GetImgurApiTest" name="getAccountBlockStatusTest" time="0.0">
    <skipped/>
  </testcase> <!-- getAccountBlockStatusTest -->
  <testcase classname="com.qa.api.gorest.tests.GetImgurApiTest" name="getAccountImagesTest" time="0.0">
    <skipped/>
  </testcase> <!-- getAccountImagesTest -->
  <testcase classname="com.qa.api.gorest.tests.GetImgurApiTest" name="uploadImagePostApiTest" time="0.0">
    <skipped/>
  </testcase> <!-- uploadImagePostApiTest -->
  <testcase classname="com.qa.api.gorest.tests.GetUserTest" name="getGorestPostsTest" time="8.034"/>
  <testcase classname="com.qa.api.gorest.tests.CreateUserTest" name="createUserApiTest" time="4.976"/>
  <testcase classname="com.qa.api.gorest.tests.CreateUserTest" name="createUserApiTest" time="1.037"/>
  <testcase classname="com.qa.api.gorest.tests.CreateUserTest" name="createUserApiTest" time="1.286"/>
  <testcase classname="com.qa.api.gorest.tests.CreateUserTest" name="createUserApiTest" time="4.017"/>
  <testcase classname="com.qa.api.gorest.tests.GetUserTest" name="getAllUsersListApiTest" time="1.757"/>
  <testcase classname="com.qa.api.gorest.tests.GetUserTest" name="getUserWithQueryParamApiTest" time="1.076"/>
</testsuite> <!-- Rest API Regression Test -->
